c:\users\aspro\source\repos\shaderproject\shaderproject\x64\release\vc142.pdb
c:\users\aspro\source\repos\shaderproject\shaderproject\x64\release\modelloading.obj
c:\users\aspro\source\repos\shaderproject\shaderproject\x64\release\imgui_widgets.obj
c:\users\aspro\source\repos\shaderproject\shaderproject\x64\release\imgui_impl_opengl3.obj
c:\users\aspro\source\repos\shaderproject\shaderproject\x64\release\imgui_draw.obj
c:\users\aspro\source\repos\shaderproject\shaderproject\x64\release\imgui.obj
c:\users\aspro\source\repos\shaderproject\shaderproject\x64\release\glad.obj
c:\users\aspro\source\repos\shaderproject\shaderproject\x64\release\imgui_impl_glfw.obj
c:\users\aspro\source\repos\shaderproject\shaderproject\x64\release\imgui_demo.obj
c:\users\aspro\source\repos\shaderproject\shaderproject\x64\release\shaderproject.exe
c:\users\aspro\source\repos\shaderproject\shaderproject\x64\release\shaderproject.pdb
c:\users\aspro\source\repos\shaderproject\shaderproject\x64\release\shaderproject.ipdb
c:\users\aspro\source\repos\shaderproject\shaderproject\x64\release\shaderproject.iobj
c:\users\aspro\source\repos\shaderproject\shaderproject\x64\release\shaderproject.tlog\cl.command.1.tlog
c:\users\aspro\source\repos\shaderproject\shaderproject\x64\release\shaderproject.tlog\cl.read.1.tlog
c:\users\aspro\source\repos\shaderproject\shaderproject\x64\release\shaderproject.tlog\cl.write.1.tlog
c:\users\aspro\source\repos\shaderproject\shaderproject\x64\release\shaderproject.tlog\link.command.1.tlog
c:\users\aspro\source\repos\shaderproject\shaderproject\x64\release\shaderproject.tlog\link.read.1.tlog
c:\users\aspro\source\repos\shaderproject\shaderproject\x64\release\shaderproject.tlog\link.write.1.tlog
c:\users\aspro\source\repos\shaderproject\shaderproject\x64\release\shaderproject.tlog\shaderproject.write.1u.tlog
